[2025-02-08T13:27:14.905+0000] {taskinstance.py:1171} INFO - Dependencies all met for <TaskInstance: pipeline_milestone_3.fetch_from_postgres manual__2025-02-08T13:27:12.814172+00:00 [queued]>
[2025-02-08T13:27:14.912+0000] {taskinstance.py:1171} INFO - Dependencies all met for <TaskInstance: pipeline_milestone_3.fetch_from_postgres manual__2025-02-08T13:27:12.814172+00:00 [queued]>
[2025-02-08T13:27:14.912+0000] {taskinstance.py:1368} INFO - 
--------------------------------------------------------------------------------
[2025-02-08T13:27:14.912+0000] {taskinstance.py:1369} INFO - Starting attempt 1 of 1
[2025-02-08T13:27:14.912+0000] {taskinstance.py:1370} INFO - 
--------------------------------------------------------------------------------
[2025-02-08T13:27:14.919+0000] {taskinstance.py:1389} INFO - Executing <Task(PythonOperator): fetch_from_postgres> on 2025-02-08 13:27:12.814172+00:00
[2025-02-08T13:27:14.926+0000] {standard_task_runner.py:52} INFO - Started process 522 to run task
[2025-02-08T13:27:14.928+0000] {standard_task_runner.py:79} INFO - Running: ['***', 'tasks', 'run', 'pipeline_milestone_3', 'fetch_from_postgres', 'manual__2025-02-08T13:27:12.814172+00:00', '--job-id', '159', '--raw', '--subdir', 'DAGS_FOLDER/P2M3_RizkySP_DAG.py', '--cfg-path', '/tmp/tmpbzse46qe', '--error-file', '/tmp/tmpjyhi50gu']
[2025-02-08T13:27:14.929+0000] {standard_task_runner.py:80} INFO - Job 159: Subtask fetch_from_postgres
[2025-02-08T13:27:15.004+0000] {task_command.py:371} INFO - Running <TaskInstance: pipeline_milestone_3.fetch_from_postgres manual__2025-02-08T13:27:12.814172+00:00 [running]> on host b33620135048
[2025-02-08T13:27:15.159+0000] {taskinstance.py:1583} INFO - Exporting the following env vars:
AIRFLOW_CTX_DAG_OWNER=RizkySP
AIRFLOW_CTX_DAG_ID=pipeline_milestone_3
AIRFLOW_CTX_TASK_ID=fetch_from_postgres
AIRFLOW_CTX_EXECUTION_DATE=2025-02-08T13:27:12.814172+00:00
AIRFLOW_CTX_TRY_NUMBER=1
AIRFLOW_CTX_DAG_RUN_ID=manual__2025-02-08T13:27:12.814172+00:00
[2025-02-08T13:27:15.253+0000] {base.py:68} INFO - Using connection ID '***_postgres' for task execution.
[2025-02-08T13:27:19.336+0000] {python.py:173} INFO - Done. Returned value was: None
[2025-02-08T13:27:19.362+0000] {taskinstance.py:1412} INFO - Marking task as SUCCESS. dag_id=pipeline_milestone_3, task_id=fetch_from_postgres, execution_date=20250208T132712, start_date=20250208T132714, end_date=20250208T132719
[2025-02-08T13:27:19.426+0000] {local_task_job.py:156} INFO - Task exited with return code 0
[2025-02-08T13:27:19.489+0000] {local_task_job.py:279} INFO - 1 downstream tasks scheduled from follow-on schedule check
