[2025-02-08T13:01:36.381+0000] {taskinstance.py:1171} INFO - Dependencies all met for <TaskInstance: pipeline_milestone_3.data_cleaning manual__2025-02-08T13:01:29.655265+00:00 [queued]>
[2025-02-08T13:01:36.409+0000] {taskinstance.py:1171} INFO - Dependencies all met for <TaskInstance: pipeline_milestone_3.data_cleaning manual__2025-02-08T13:01:29.655265+00:00 [queued]>
[2025-02-08T13:01:36.409+0000] {taskinstance.py:1368} INFO - 
--------------------------------------------------------------------------------
[2025-02-08T13:01:36.409+0000] {taskinstance.py:1369} INFO - Starting attempt 1 of 1
[2025-02-08T13:01:36.409+0000] {taskinstance.py:1370} INFO - 
--------------------------------------------------------------------------------
[2025-02-08T13:01:36.426+0000] {taskinstance.py:1389} INFO - Executing <Task(PythonOperator): data_cleaning> on 2025-02-08 13:01:29.655265+00:00
[2025-02-08T13:01:36.441+0000] {standard_task_runner.py:52} INFO - Started process 351 to run task
[2025-02-08T13:01:36.458+0000] {standard_task_runner.py:79} INFO - Running: ['***', 'tasks', 'run', 'pipeline_milestone_3', 'data_cleaning', 'manual__2025-02-08T13:01:29.655265+00:00', '--job-id', '129', '--raw', '--subdir', 'DAGS_FOLDER/P2M3_RizkySP_DAG.py', '--cfg-path', '/tmp/tmpxr_yo323', '--error-file', '/tmp/tmpa90o9e9y']
[2025-02-08T13:01:36.460+0000] {standard_task_runner.py:80} INFO - Job 129: Subtask data_cleaning
[2025-02-08T13:01:36.533+0000] {task_command.py:371} INFO - Running <TaskInstance: pipeline_milestone_3.data_cleaning manual__2025-02-08T13:01:29.655265+00:00 [running]> on host b33620135048
[2025-02-08T13:01:36.588+0000] {taskinstance.py:1583} INFO - Exporting the following env vars:
AIRFLOW_CTX_DAG_OWNER=RizkySP
AIRFLOW_CTX_DAG_ID=pipeline_milestone_3
AIRFLOW_CTX_TASK_ID=data_cleaning
AIRFLOW_CTX_EXECUTION_DATE=2025-02-08T13:01:29.655265+00:00
AIRFLOW_CTX_TRY_NUMBER=1
AIRFLOW_CTX_DAG_RUN_ID=manual__2025-02-08T13:01:29.655265+00:00
[2025-02-08T13:01:37.381+0000] {python.py:173} INFO - Done. Returned value was: None
[2025-02-08T13:01:37.400+0000] {taskinstance.py:1412} INFO - Marking task as SUCCESS. dag_id=pipeline_milestone_3, task_id=data_cleaning, execution_date=20250208T130129, start_date=20250208T130136, end_date=20250208T130137
[2025-02-08T13:01:37.431+0000] {local_task_job.py:156} INFO - Task exited with return code 0
[2025-02-08T13:01:37.476+0000] {local_task_job.py:279} INFO - 1 downstream tasks scheduled from follow-on schedule check
