[2025-02-08T12:17:25.486+0000] {taskinstance.py:1171} INFO - Dependencies all met for <TaskInstance: pipeline_milestone_3.data_cleaning manual__2025-02-08T12:17:18.032546+00:00 [queued]>
[2025-02-08T12:17:25.498+0000] {taskinstance.py:1171} INFO - Dependencies all met for <TaskInstance: pipeline_milestone_3.data_cleaning manual__2025-02-08T12:17:18.032546+00:00 [queued]>
[2025-02-08T12:17:25.499+0000] {taskinstance.py:1368} INFO - 
--------------------------------------------------------------------------------
[2025-02-08T12:17:25.499+0000] {taskinstance.py:1369} INFO - Starting attempt 1 of 1
[2025-02-08T12:17:25.499+0000] {taskinstance.py:1370} INFO - 
--------------------------------------------------------------------------------
[2025-02-08T12:17:25.506+0000] {taskinstance.py:1389} INFO - Executing <Task(PythonOperator): data_cleaning> on 2025-02-08 12:17:18.032546+00:00
[2025-02-08T12:17:25.520+0000] {standard_task_runner.py:52} INFO - Started process 494 to run task
[2025-02-08T12:17:25.524+0000] {standard_task_runner.py:79} INFO - Running: ['***', 'tasks', 'run', 'pipeline_milestone_3', 'data_cleaning', 'manual__2025-02-08T12:17:18.032546+00:00', '--job-id', '70', '--raw', '--subdir', 'DAGS_FOLDER/P2M3_RizkySP_DAG.py', '--cfg-path', '/tmp/tmplf9u0_vf', '--error-file', '/tmp/tmp876urail']
[2025-02-08T12:17:25.527+0000] {standard_task_runner.py:80} INFO - Job 70: Subtask data_cleaning
[2025-02-08T12:17:25.584+0000] {task_command.py:371} INFO - Running <TaskInstance: pipeline_milestone_3.data_cleaning manual__2025-02-08T12:17:18.032546+00:00 [running]> on host b33620135048
[2025-02-08T12:17:25.625+0000] {taskinstance.py:1583} INFO - Exporting the following env vars:
AIRFLOW_CTX_DAG_OWNER=RizkySP
AIRFLOW_CTX_DAG_ID=pipeline_milestone_3
AIRFLOW_CTX_TASK_ID=data_cleaning
AIRFLOW_CTX_EXECUTION_DATE=2025-02-08T12:17:18.032546+00:00
AIRFLOW_CTX_TRY_NUMBER=1
AIRFLOW_CTX_DAG_RUN_ID=manual__2025-02-08T12:17:18.032546+00:00
[2025-02-08T12:17:26.008+0000] {python.py:173} INFO - Done. Returned value was: None
[2025-02-08T12:17:26.032+0000] {taskinstance.py:1412} INFO - Marking task as SUCCESS. dag_id=pipeline_milestone_3, task_id=data_cleaning, execution_date=20250208T121718, start_date=20250208T121725, end_date=20250208T121726
[2025-02-08T12:17:26.078+0000] {local_task_job.py:156} INFO - Task exited with return code 0
[2025-02-08T12:17:26.124+0000] {local_task_job.py:279} INFO - 1 downstream tasks scheduled from follow-on schedule check
