[2025-02-08T09:23:17.552+0000] {taskinstance.py:1171} INFO - Dependencies all met for <TaskInstance: pipeline_milestone_3.extract_data manual__2025-02-08T09:23:16.037195+00:00 [queued]>
[2025-02-08T09:23:17.565+0000] {taskinstance.py:1171} INFO - Dependencies all met for <TaskInstance: pipeline_milestone_3.extract_data manual__2025-02-08T09:23:16.037195+00:00 [queued]>
[2025-02-08T09:23:17.565+0000] {taskinstance.py:1368} INFO - 
--------------------------------------------------------------------------------
[2025-02-08T09:23:17.566+0000] {taskinstance.py:1369} INFO - Starting attempt 1 of 1
[2025-02-08T09:23:17.566+0000] {taskinstance.py:1370} INFO - 
--------------------------------------------------------------------------------
[2025-02-08T09:23:17.572+0000] {taskinstance.py:1389} INFO - Executing <Task(PythonOperator): extract_data> on 2025-02-08 09:23:16.037195+00:00
[2025-02-08T09:23:17.577+0000] {standard_task_runner.py:52} INFO - Started process 825 to run task
[2025-02-08T09:23:17.580+0000] {standard_task_runner.py:79} INFO - Running: ['***', 'tasks', 'run', 'pipeline_milestone_3', 'extract_data', 'manual__2025-02-08T09:23:16.037195+00:00', '--job-id', '9', '--raw', '--subdir', 'DAGS_FOLDER/P2M3_RizkySP_DAG.py', '--cfg-path', '/tmp/tmpnpywpe87', '--error-file', '/tmp/tmpjslbb_5s']
[2025-02-08T09:23:17.581+0000] {standard_task_runner.py:80} INFO - Job 9: Subtask extract_data
[2025-02-08T09:23:17.631+0000] {task_command.py:371} INFO - Running <TaskInstance: pipeline_milestone_3.extract_data manual__2025-02-08T09:23:16.037195+00:00 [running]> on host b33620135048
[2025-02-08T09:23:17.673+0000] {taskinstance.py:1583} INFO - Exporting the following env vars:
AIRFLOW_CTX_DAG_OWNER=RizkySP
AIRFLOW_CTX_DAG_ID=pipeline_milestone_3
AIRFLOW_CTX_TASK_ID=extract_data
AIRFLOW_CTX_EXECUTION_DATE=2025-02-08T09:23:16.037195+00:00
AIRFLOW_CTX_TRY_NUMBER=1
AIRFLOW_CTX_DAG_RUN_ID=manual__2025-02-08T09:23:16.037195+00:00
[2025-02-08T09:23:17.689+0000] {base.py:68} INFO - Using connection ID '***_postgres' for task execution.
[2025-02-08T09:23:18.480+0000] {logging_mixin.py:115} INFO -          Date Store_ID  ... Competitor_Pricing Seasonality
0  2022-01-01     S001  ...              29.69      Autumn

[1 rows x 15 columns]
[2025-02-08T09:23:19.176+0000] {python.py:173} INFO - Done. Returned value was: None
[2025-02-08T09:23:19.237+0000] {taskinstance.py:1412} INFO - Marking task as SUCCESS. dag_id=pipeline_milestone_3, task_id=extract_data, execution_date=20250208T092316, start_date=20250208T092317, end_date=20250208T092319
[2025-02-08T09:23:19.302+0000] {local_task_job.py:156} INFO - Task exited with return code 0
[2025-02-08T09:23:19.343+0000] {local_task_job.py:279} INFO - 1 downstream tasks scheduled from follow-on schedule check
