[2025-02-08T12:45:37.317+0000] {taskinstance.py:1171} INFO - Dependencies all met for <TaskInstance: pipeline_milestone_3.data_cleaning manual__2025-02-08T12:45:21.623362+00:00 [queued]>
[2025-02-08T12:45:37.332+0000] {taskinstance.py:1171} INFO - Dependencies all met for <TaskInstance: pipeline_milestone_3.data_cleaning manual__2025-02-08T12:45:21.623362+00:00 [queued]>
[2025-02-08T12:45:37.332+0000] {taskinstance.py:1368} INFO - 
--------------------------------------------------------------------------------
[2025-02-08T12:45:37.332+0000] {taskinstance.py:1369} INFO - Starting attempt 1 of 1
[2025-02-08T12:45:37.332+0000] {taskinstance.py:1370} INFO - 
--------------------------------------------------------------------------------
[2025-02-08T12:45:37.345+0000] {taskinstance.py:1389} INFO - Executing <Task(PythonOperator): data_cleaning> on 2025-02-08 12:45:21.623362+00:00
[2025-02-08T12:45:37.355+0000] {standard_task_runner.py:52} INFO - Started process 550 to run task
[2025-02-08T12:45:37.362+0000] {standard_task_runner.py:79} INFO - Running: ['***', 'tasks', 'run', 'pipeline_milestone_3', 'data_cleaning', 'manual__2025-02-08T12:45:21.623362+00:00', '--job-id', '116', '--raw', '--subdir', 'DAGS_FOLDER/P2M3_RizkySP_DAG.py', '--cfg-path', '/tmp/tmp9v0dkbn8', '--error-file', '/tmp/tmp5m706bwe']
[2025-02-08T12:45:37.363+0000] {standard_task_runner.py:80} INFO - Job 116: Subtask data_cleaning
[2025-02-08T12:45:37.469+0000] {task_command.py:371} INFO - Running <TaskInstance: pipeline_milestone_3.data_cleaning manual__2025-02-08T12:45:21.623362+00:00 [running]> on host b33620135048
[2025-02-08T12:45:37.551+0000] {taskinstance.py:1583} INFO - Exporting the following env vars:
AIRFLOW_CTX_DAG_OWNER=RizkySP
AIRFLOW_CTX_DAG_ID=pipeline_milestone_3
AIRFLOW_CTX_TASK_ID=data_cleaning
AIRFLOW_CTX_EXECUTION_DATE=2025-02-08T12:45:21.623362+00:00
AIRFLOW_CTX_TRY_NUMBER=1
AIRFLOW_CTX_DAG_RUN_ID=manual__2025-02-08T12:45:21.623362+00:00
[2025-02-08T12:45:38.044+0000] {python.py:173} INFO - Done. Returned value was: None
[2025-02-08T12:45:38.057+0000] {taskinstance.py:1412} INFO - Marking task as SUCCESS. dag_id=pipeline_milestone_3, task_id=data_cleaning, execution_date=20250208T124521, start_date=20250208T124537, end_date=20250208T124538
[2025-02-08T12:45:38.125+0000] {local_task_job.py:156} INFO - Task exited with return code 0
[2025-02-08T12:45:38.219+0000] {local_task_job.py:279} INFO - 1 downstream tasks scheduled from follow-on schedule check
