[2025-02-08T10:05:32.751+0000] {taskinstance.py:1171} INFO - Dependencies all met for <TaskInstance: postgres_to_elasticsearch_dag.fetch_from_postgres manual__2025-02-08T10:05:30.726220+00:00 [queued]>
[2025-02-08T10:05:32.790+0000] {taskinstance.py:1171} INFO - Dependencies all met for <TaskInstance: postgres_to_elasticsearch_dag.fetch_from_postgres manual__2025-02-08T10:05:30.726220+00:00 [queued]>
[2025-02-08T10:05:32.790+0000] {taskinstance.py:1368} INFO - 
--------------------------------------------------------------------------------
[2025-02-08T10:05:32.791+0000] {taskinstance.py:1369} INFO - Starting attempt 1 of 1
[2025-02-08T10:05:32.791+0000] {taskinstance.py:1370} INFO - 
--------------------------------------------------------------------------------
[2025-02-08T10:05:32.803+0000] {taskinstance.py:1389} INFO - Executing <Task(PythonOperator): fetch_from_postgres> on 2025-02-08 10:05:30.726220+00:00
[2025-02-08T10:05:32.812+0000] {standard_task_runner.py:52} INFO - Started process 1334 to run task
[2025-02-08T10:05:32.882+0000] {standard_task_runner.py:79} INFO - Running: ['***', 'tasks', 'run', 'postgres_to_elasticsearch_dag', 'fetch_from_postgres', 'manual__2025-02-08T10:05:30.726220+00:00', '--job-id', '13', '--raw', '--subdir', 'DAGS_FOLDER/P2M3_RizkySP_DAG.py', '--cfg-path', '/tmp/tmpg119de_g', '--error-file', '/tmp/tmp_3mfwkfp']
[2025-02-08T10:05:32.925+0000] {standard_task_runner.py:80} INFO - Job 13: Subtask fetch_from_postgres
[2025-02-08T10:05:33.693+0000] {task_command.py:371} INFO - Running <TaskInstance: postgres_to_elasticsearch_dag.fetch_from_postgres manual__2025-02-08T10:05:30.726220+00:00 [running]> on host b33620135048
[2025-02-08T10:05:35.314+0000] {taskinstance.py:1583} INFO - Exporting the following env vars:
AIRFLOW_CTX_DAG_OWNER=RizkySP
AIRFLOW_CTX_DAG_ID=postgres_to_elasticsearch_dag
AIRFLOW_CTX_TASK_ID=fetch_from_postgres
AIRFLOW_CTX_EXECUTION_DATE=2025-02-08T10:05:30.726220+00:00
AIRFLOW_CTX_TRY_NUMBER=1
AIRFLOW_CTX_DAG_RUN_ID=manual__2025-02-08T10:05:30.726220+00:00
[2025-02-08T10:05:35.970+0000] {base.py:68} INFO - Using connection ID '***_postgres' for task execution.
[2025-02-08T10:05:37.580+0000] {python.py:173} INFO - Done. Returned value was: None
[2025-02-08T10:05:37.597+0000] {taskinstance.py:1412} INFO - Marking task as SUCCESS. dag_id=postgres_to_elasticsearch_dag, task_id=fetch_from_postgres, execution_date=20250208T100530, start_date=20250208T100532, end_date=20250208T100537
[2025-02-08T10:05:37.618+0000] {local_task_job.py:156} INFO - Task exited with return code 0
[2025-02-08T10:05:37.670+0000] {local_task_job.py:279} INFO - 1 downstream tasks scheduled from follow-on schedule check
