[2025-02-08T09:23:21.321+0000] {taskinstance.py:1171} INFO - Dependencies all met for <TaskInstance: pipeline_milestone_3.transform_data manual__2025-02-08T09:23:16.037195+00:00 [queued]>
[2025-02-08T09:23:21.363+0000] {taskinstance.py:1171} INFO - Dependencies all met for <TaskInstance: pipeline_milestone_3.transform_data manual__2025-02-08T09:23:16.037195+00:00 [queued]>
[2025-02-08T09:23:21.363+0000] {taskinstance.py:1368} INFO - 
--------------------------------------------------------------------------------
[2025-02-08T09:23:21.364+0000] {taskinstance.py:1369} INFO - Starting attempt 1 of 1
[2025-02-08T09:23:21.364+0000] {taskinstance.py:1370} INFO - 
--------------------------------------------------------------------------------
[2025-02-08T09:23:21.396+0000] {taskinstance.py:1389} INFO - Executing <Task(PythonOperator): transform_data> on 2025-02-08 09:23:16.037195+00:00
[2025-02-08T09:23:21.444+0000] {standard_task_runner.py:52} INFO - Started process 828 to run task
[2025-02-08T09:23:21.460+0000] {standard_task_runner.py:79} INFO - Running: ['***', 'tasks', 'run', 'pipeline_milestone_3', 'transform_data', 'manual__2025-02-08T09:23:16.037195+00:00', '--job-id', '10', '--raw', '--subdir', 'DAGS_FOLDER/P2M3_RizkySP_DAG.py', '--cfg-path', '/tmp/tmp4st6hn5c', '--error-file', '/tmp/tmpukgnht8g']
[2025-02-08T09:23:21.462+0000] {standard_task_runner.py:80} INFO - Job 10: Subtask transform_data
[2025-02-08T09:23:21.597+0000] {task_command.py:371} INFO - Running <TaskInstance: pipeline_milestone_3.transform_data manual__2025-02-08T09:23:16.037195+00:00 [running]> on host b33620135048
[2025-02-08T09:23:21.664+0000] {taskinstance.py:1583} INFO - Exporting the following env vars:
AIRFLOW_CTX_DAG_OWNER=RizkySP
AIRFLOW_CTX_DAG_ID=pipeline_milestone_3
AIRFLOW_CTX_TASK_ID=transform_data
AIRFLOW_CTX_EXECUTION_DATE=2025-02-08T09:23:16.037195+00:00
AIRFLOW_CTX_TRY_NUMBER=1
AIRFLOW_CTX_DAG_RUN_ID=manual__2025-02-08T09:23:16.037195+00:00
[2025-02-08T09:23:22.116+0000] {python.py:173} INFO - Done. Returned value was: None
[2025-02-08T09:23:22.124+0000] {taskinstance.py:1412} INFO - Marking task as SUCCESS. dag_id=pipeline_milestone_3, task_id=transform_data, execution_date=20250208T092316, start_date=20250208T092321, end_date=20250208T092322
[2025-02-08T09:23:22.138+0000] {local_task_job.py:156} INFO - Task exited with return code 0
[2025-02-08T09:23:22.163+0000] {local_task_job.py:279} INFO - 0 downstream tasks scheduled from follow-on schedule check
