[2025-02-08T11:27:42.260+0000] {taskinstance.py:1171} INFO - Dependencies all met for <TaskInstance: pipeline_milestone_3.post_to_elasticsearch manual__2025-02-08T11:27:33.143327+00:00 [queued]>
[2025-02-08T11:27:42.270+0000] {taskinstance.py:1171} INFO - Dependencies all met for <TaskInstance: pipeline_milestone_3.post_to_elasticsearch manual__2025-02-08T11:27:33.143327+00:00 [queued]>
[2025-02-08T11:27:42.270+0000] {taskinstance.py:1368} INFO - 
--------------------------------------------------------------------------------
[2025-02-08T11:27:42.270+0000] {taskinstance.py:1369} INFO - Starting attempt 1 of 1
[2025-02-08T11:27:42.270+0000] {taskinstance.py:1370} INFO - 
--------------------------------------------------------------------------------
[2025-02-08T11:27:42.280+0000] {taskinstance.py:1389} INFO - Executing <Task(PythonOperator): post_to_elasticsearch> on 2025-02-08 11:27:33.143327+00:00
[2025-02-08T11:27:42.296+0000] {standard_task_runner.py:52} INFO - Started process 209 to run task
[2025-02-08T11:27:42.299+0000] {standard_task_runner.py:79} INFO - Running: ['***', 'tasks', 'run', 'pipeline_milestone_3', 'post_to_elasticsearch', 'manual__2025-02-08T11:27:33.143327+00:00', '--job-id', '68', '--raw', '--subdir', 'DAGS_FOLDER/P2M3_RizkySP_DAG.py', '--cfg-path', '/tmp/tmpyc8ska73', '--error-file', '/tmp/tmp7gx_fgul']
[2025-02-08T11:27:42.300+0000] {standard_task_runner.py:80} INFO - Job 68: Subtask post_to_elasticsearch
[2025-02-08T11:27:42.377+0000] {task_command.py:371} INFO - Running <TaskInstance: pipeline_milestone_3.post_to_elasticsearch manual__2025-02-08T11:27:33.143327+00:00 [running]> on host b33620135048
[2025-02-08T11:27:42.448+0000] {taskinstance.py:1583} INFO - Exporting the following env vars:
AIRFLOW_CTX_DAG_OWNER=RizkySP
AIRFLOW_CTX_DAG_ID=pipeline_milestone_3
AIRFLOW_CTX_TASK_ID=post_to_elasticsearch
AIRFLOW_CTX_EXECUTION_DATE=2025-02-08T11:27:33.143327+00:00
AIRFLOW_CTX_TRY_NUMBER=1
AIRFLOW_CTX_DAG_RUN_ID=manual__2025-02-08T11:27:33.143327+00:00
[2025-02-08T11:27:42.464+0000] {base.py:271} INFO - HEAD http://elasticsearch:9200/ [status:200 request:0.009s]
[2025-02-08T11:27:42.464+0000] {logging_mixin.py:115} INFO - Connected to Elasticsearch
[2025-02-08T11:27:42.465+0000] {python.py:173} INFO - Done. Returned value was: None
[2025-02-08T11:27:42.472+0000] {taskinstance.py:1412} INFO - Marking task as SUCCESS. dag_id=pipeline_milestone_3, task_id=post_to_elasticsearch, execution_date=20250208T112733, start_date=20250208T112742, end_date=20250208T112742
[2025-02-08T11:27:42.523+0000] {local_task_job.py:156} INFO - Task exited with return code 0
[2025-02-08T11:27:42.593+0000] {local_task_job.py:279} INFO - 0 downstream tasks scheduled from follow-on schedule check
