[2025-02-08T13:21:45.444+0000] {taskinstance.py:1171} INFO - Dependencies all met for <TaskInstance: pipeline_milestone_3.data_cleaning manual__2025-02-08T13:21:34.496337+00:00 [queued]>
[2025-02-08T13:21:45.457+0000] {taskinstance.py:1171} INFO - Dependencies all met for <TaskInstance: pipeline_milestone_3.data_cleaning manual__2025-02-08T13:21:34.496337+00:00 [queued]>
[2025-02-08T13:21:45.458+0000] {taskinstance.py:1368} INFO - 
--------------------------------------------------------------------------------
[2025-02-08T13:21:45.458+0000] {taskinstance.py:1369} INFO - Starting attempt 1 of 1
[2025-02-08T13:21:45.458+0000] {taskinstance.py:1370} INFO - 
--------------------------------------------------------------------------------
[2025-02-08T13:21:45.470+0000] {taskinstance.py:1389} INFO - Executing <Task(PythonOperator): data_cleaning> on 2025-02-08 13:21:34.496337+00:00
[2025-02-08T13:21:45.481+0000] {standard_task_runner.py:52} INFO - Started process 376 to run task
[2025-02-08T13:21:45.484+0000] {standard_task_runner.py:79} INFO - Running: ['***', 'tasks', 'run', 'pipeline_milestone_3', 'data_cleaning', 'manual__2025-02-08T13:21:34.496337+00:00', '--job-id', '154', '--raw', '--subdir', 'DAGS_FOLDER/P2M3_RizkySP_DAG.py', '--cfg-path', '/tmp/tmpxv2bdxo3', '--error-file', '/tmp/tmpvl4134p7']
[2025-02-08T13:21:45.489+0000] {standard_task_runner.py:80} INFO - Job 154: Subtask data_cleaning
[2025-02-08T13:21:45.557+0000] {task_command.py:371} INFO - Running <TaskInstance: pipeline_milestone_3.data_cleaning manual__2025-02-08T13:21:34.496337+00:00 [running]> on host b33620135048
[2025-02-08T13:21:45.614+0000] {taskinstance.py:1583} INFO - Exporting the following env vars:
AIRFLOW_CTX_DAG_OWNER=RizkySP
AIRFLOW_CTX_DAG_ID=pipeline_milestone_3
AIRFLOW_CTX_TASK_ID=data_cleaning
AIRFLOW_CTX_EXECUTION_DATE=2025-02-08T13:21:34.496337+00:00
AIRFLOW_CTX_TRY_NUMBER=1
AIRFLOW_CTX_DAG_RUN_ID=manual__2025-02-08T13:21:34.496337+00:00
[2025-02-08T13:21:46.256+0000] {python.py:173} INFO - Done. Returned value was: None
[2025-02-08T13:21:46.270+0000] {taskinstance.py:1412} INFO - Marking task as SUCCESS. dag_id=pipeline_milestone_3, task_id=data_cleaning, execution_date=20250208T132134, start_date=20250208T132145, end_date=20250208T132146
[2025-02-08T13:21:46.326+0000] {local_task_job.py:156} INFO - Task exited with return code 0
[2025-02-08T13:21:46.370+0000] {local_task_job.py:279} INFO - 1 downstream tasks scheduled from follow-on schedule check
