[2025-02-08T08:59:38.529+0000] {taskinstance.py:1171} INFO - Dependencies all met for <TaskInstance: pipeline_milestone_3.extract_data scheduled__2025-02-07T00:00:00+00:00 [queued]>
[2025-02-08T08:59:38.543+0000] {taskinstance.py:1171} INFO - Dependencies all met for <TaskInstance: pipeline_milestone_3.extract_data scheduled__2025-02-07T00:00:00+00:00 [queued]>
[2025-02-08T08:59:38.543+0000] {taskinstance.py:1368} INFO - 
--------------------------------------------------------------------------------
[2025-02-08T08:59:38.543+0000] {taskinstance.py:1369} INFO - Starting attempt 1 of 1
[2025-02-08T08:59:38.543+0000] {taskinstance.py:1370} INFO - 
--------------------------------------------------------------------------------
[2025-02-08T08:59:38.548+0000] {taskinstance.py:1389} INFO - Executing <Task(PythonOperator): extract_data> on 2025-02-07 00:00:00+00:00
[2025-02-08T08:59:38.552+0000] {standard_task_runner.py:52} INFO - Started process 507 to run task
[2025-02-08T08:59:38.554+0000] {standard_task_runner.py:79} INFO - Running: ['***', 'tasks', 'run', 'pipeline_milestone_3', 'extract_data', 'scheduled__2025-02-07T00:00:00+00:00', '--job-id', '5', '--raw', '--subdir', 'DAGS_FOLDER/P2M3_RizkySP_DAG.py', '--cfg-path', '/tmp/tmpjykt3_f9', '--error-file', '/tmp/tmpzlmq6e73']
[2025-02-08T08:59:38.555+0000] {standard_task_runner.py:80} INFO - Job 5: Subtask extract_data
[2025-02-08T08:59:38.592+0000] {task_command.py:371} INFO - Running <TaskInstance: pipeline_milestone_3.extract_data scheduled__2025-02-07T00:00:00+00:00 [running]> on host b33620135048
[2025-02-08T08:59:38.638+0000] {taskinstance.py:1583} INFO - Exporting the following env vars:
AIRFLOW_CTX_DAG_OWNER=RizkySP
AIRFLOW_CTX_DAG_ID=pipeline_milestone_3
AIRFLOW_CTX_TASK_ID=extract_data
AIRFLOW_CTX_EXECUTION_DATE=2025-02-07T00:00:00+00:00
AIRFLOW_CTX_TRY_NUMBER=1
AIRFLOW_CTX_DAG_RUN_ID=scheduled__2025-02-07T00:00:00+00:00
[2025-02-08T08:59:38.653+0000] {base.py:68} INFO - Using connection ID '***_postgres' for task execution.
[2025-02-08T08:59:38.982+0000] {logging_mixin.py:115} INFO -          Date Store_ID  ... Competitor_Pricing Seasonality
0  2022-01-01     S001  ...              29.69      Autumn

[1 rows x 15 columns]
[2025-02-08T08:59:39.281+0000] {python.py:173} INFO - Done. Returned value was: None
[2025-02-08T08:59:39.295+0000] {taskinstance.py:1412} INFO - Marking task as SUCCESS. dag_id=pipeline_milestone_3, task_id=extract_data, execution_date=20250207T000000, start_date=20250208T085938, end_date=20250208T085939
[2025-02-08T08:59:39.318+0000] {local_task_job.py:156} INFO - Task exited with return code 0
[2025-02-08T08:59:39.359+0000] {local_task_job.py:279} INFO - 1 downstream tasks scheduled from follow-on schedule check
