[2025-02-08T08:59:41.235+0000] {taskinstance.py:1171} INFO - Dependencies all met for <TaskInstance: pipeline_milestone_3.transform_data scheduled__2025-02-07T00:00:00+00:00 [queued]>
[2025-02-08T08:59:41.244+0000] {taskinstance.py:1171} INFO - Dependencies all met for <TaskInstance: pipeline_milestone_3.transform_data scheduled__2025-02-07T00:00:00+00:00 [queued]>
[2025-02-08T08:59:41.244+0000] {taskinstance.py:1368} INFO - 
--------------------------------------------------------------------------------
[2025-02-08T08:59:41.244+0000] {taskinstance.py:1369} INFO - Starting attempt 1 of 1
[2025-02-08T08:59:41.244+0000] {taskinstance.py:1370} INFO - 
--------------------------------------------------------------------------------
[2025-02-08T08:59:41.256+0000] {taskinstance.py:1389} INFO - Executing <Task(PythonOperator): transform_data> on 2025-02-07 00:00:00+00:00
[2025-02-08T08:59:41.263+0000] {standard_task_runner.py:52} INFO - Started process 512 to run task
[2025-02-08T08:59:41.267+0000] {standard_task_runner.py:79} INFO - Running: ['***', 'tasks', 'run', 'pipeline_milestone_3', 'transform_data', 'scheduled__2025-02-07T00:00:00+00:00', '--job-id', '6', '--raw', '--subdir', 'DAGS_FOLDER/P2M3_RizkySP_DAG.py', '--cfg-path', '/tmp/tmp3vobmflu', '--error-file', '/tmp/tmpzbjeytr4']
[2025-02-08T08:59:41.268+0000] {standard_task_runner.py:80} INFO - Job 6: Subtask transform_data
[2025-02-08T08:59:41.335+0000] {task_command.py:371} INFO - Running <TaskInstance: pipeline_milestone_3.transform_data scheduled__2025-02-07T00:00:00+00:00 [running]> on host b33620135048
[2025-02-08T08:59:41.419+0000] {taskinstance.py:1583} INFO - Exporting the following env vars:
AIRFLOW_CTX_DAG_OWNER=RizkySP
AIRFLOW_CTX_DAG_ID=pipeline_milestone_3
AIRFLOW_CTX_TASK_ID=transform_data
AIRFLOW_CTX_EXECUTION_DATE=2025-02-07T00:00:00+00:00
AIRFLOW_CTX_TRY_NUMBER=1
AIRFLOW_CTX_DAG_RUN_ID=scheduled__2025-02-07T00:00:00+00:00
[2025-02-08T08:59:42.089+0000] {logging_mixin.py:115} INFO -          Date Store_ID  ... Competitor_Pricing Seasonality
0  2022-01-01     S001  ...              29.69      Autumn
1  2022-01-01     S001  ...              66.16      Autumn

[2 rows x 15 columns]
[2025-02-08T08:59:43.297+0000] {python.py:173} INFO - Done. Returned value was: None
[2025-02-08T08:59:43.847+0000] {taskinstance.py:1412} INFO - Marking task as SUCCESS. dag_id=pipeline_milestone_3, task_id=transform_data, execution_date=20250207T000000, start_date=20250208T085941, end_date=20250208T085943
[2025-02-08T08:59:44.243+0000] {local_task_job.py:156} INFO - Task exited with return code 0
[2025-02-08T08:59:44.305+0000] {local_task_job.py:279} INFO - 0 downstream tasks scheduled from follow-on schedule check
