[2025-02-08T12:53:51.540+0000] {taskinstance.py:1171} INFO - Dependencies all met for <TaskInstance: pipeline_milestone_3.fetch_from_postgres manual__2025-02-08T12:53:49.715111+00:00 [queued]>
[2025-02-08T12:53:51.544+0000] {taskinstance.py:1171} INFO - Dependencies all met for <TaskInstance: pipeline_milestone_3.fetch_from_postgres manual__2025-02-08T12:53:49.715111+00:00 [queued]>
[2025-02-08T12:53:51.544+0000] {taskinstance.py:1368} INFO - 
--------------------------------------------------------------------------------
[2025-02-08T12:53:51.544+0000] {taskinstance.py:1369} INFO - Starting attempt 1 of 1
[2025-02-08T12:53:51.545+0000] {taskinstance.py:1370} INFO - 
--------------------------------------------------------------------------------
[2025-02-08T12:53:51.551+0000] {taskinstance.py:1389} INFO - Executing <Task(PythonOperator): fetch_from_postgres> on 2025-02-08 12:53:49.715111+00:00
[2025-02-08T12:53:51.554+0000] {standard_task_runner.py:52} INFO - Started process 230 to run task
[2025-02-08T12:53:51.556+0000] {standard_task_runner.py:79} INFO - Running: ['***', 'tasks', 'run', 'pipeline_milestone_3', 'fetch_from_postgres', 'manual__2025-02-08T12:53:49.715111+00:00', '--job-id', '122', '--raw', '--subdir', 'DAGS_FOLDER/P2M3_RizkySP_DAG.py', '--cfg-path', '/tmp/tmp7nuu42rm', '--error-file', '/tmp/tmpthtt3gzb']
[2025-02-08T12:53:51.558+0000] {standard_task_runner.py:80} INFO - Job 122: Subtask fetch_from_postgres
[2025-02-08T12:53:51.595+0000] {task_command.py:371} INFO - Running <TaskInstance: pipeline_milestone_3.fetch_from_postgres manual__2025-02-08T12:53:49.715111+00:00 [running]> on host b33620135048
[2025-02-08T12:53:51.633+0000] {taskinstance.py:1583} INFO - Exporting the following env vars:
AIRFLOW_CTX_DAG_OWNER=RizkySP
AIRFLOW_CTX_DAG_ID=pipeline_milestone_3
AIRFLOW_CTX_TASK_ID=fetch_from_postgres
AIRFLOW_CTX_EXECUTION_DATE=2025-02-08T12:53:49.715111+00:00
AIRFLOW_CTX_TRY_NUMBER=1
AIRFLOW_CTX_DAG_RUN_ID=manual__2025-02-08T12:53:49.715111+00:00
[2025-02-08T12:53:51.646+0000] {base.py:68} INFO - Using connection ID '***_postgres' for task execution.
[2025-02-08T12:53:52.285+0000] {python.py:173} INFO - Done. Returned value was: None
[2025-02-08T12:53:52.305+0000] {taskinstance.py:1412} INFO - Marking task as SUCCESS. dag_id=pipeline_milestone_3, task_id=fetch_from_postgres, execution_date=20250208T125349, start_date=20250208T125351, end_date=20250208T125352
[2025-02-08T12:53:52.320+0000] {local_task_job.py:156} INFO - Task exited with return code 0
[2025-02-08T12:53:52.345+0000] {local_task_job.py:279} INFO - 1 downstream tasks scheduled from follow-on schedule check
